<?xml version="1.0" encoding="UTF-8"?>
<testng-results skipped="0" failed="0" total="1" passed="1">
  <reporter-output>
  </reporter-output>
  <suite name="Default suite" duration-ms="47189" started-at="2016-11-24T15:49:35Z" finished-at="2016-11-24T15:50:22Z">
    <groups>
    </groups>
    <test name="Default test" duration-ms="47189" started-at="2016-11-24T15:49:35Z" finished-at="2016-11-24T15:50:22Z">
      <class name="imperialtextest.ImperialTexSuite">
        <test-method status="PASS" signature="beforeTest()[pri:0, instance:imperialtextest.ImperialTexSuite@7cd62f43]" name="beforeTest" is-config="true" duration-ms="997" started-at="2016-11-24T20:49:35Z" finished-at="2016-11-24T20:49:36Z">
          <reporter-output>
          </reporter-output>
        </test-method> <!-- beforeTest -->
        <test-method status="PASS" signature="ImperialTexTest()[pri:0, instance:imperialtextest.ImperialTexSuite@7cd62f43]" name="ImperialTexTest" duration-ms="46057" started-at="2016-11-24T20:49:36Z" finished-at="2016-11-24T20:50:22Z">
          <reporter-output>
          </reporter-output>
        </test-method> <!-- ImperialTexTest -->
        <test-method status="PASS" signature="afterTest()[pri:0, instance:imperialtextest.ImperialTexSuite@7cd62f43]" name="afterTest" is-config="true" duration-ms="120" started-at="2016-11-24T20:50:22Z" finished-at="2016-11-24T20:50:22Z">
          <reporter-output>
          </reporter-output>
        </test-method> <!-- afterTest -->
      </class> <!-- imperialtextest.ImperialTexSuite -->
    </test> <!-- Default test -->
  </suite> <!-- Default suite -->
</testng-results>
